\BOOKMARK [1][-]{Doc-Start}{Resumen\040Ejecutivo}{}% 1
\BOOKMARK [1][-]{section.1}{Panorama\040de\040Plataformas:\040Comercial\040vs\040Open\040Source}{}% 2
\BOOKMARK [2][-]{subsection.1.1}{Plataformas\040Comerciales}{section.1}% 3
\BOOKMARK [2][-]{subsection.1.2}{Frameworks\040Open\040Source}{section.1}% 4
\BOOKMARK [2][-]{subsection.1.3}{Servicios\040de\040Scraping\040Administrados}{section.1}% 5
\BOOKMARK [1][-]{section.2}{\376\377\000A\000r\000q\000u\000i\000t\000e\000c\000t\000u\000r\000a\000\040\000T\000\351\000c\000n\000i\000c\000a\000\040\000d\000e\000l\000\040\000S\000i\000s\000t\000e\000m\000a}{}% 6
\BOOKMARK [2][-]{subsection.2.1}{Arquitectura\040de\040Microservicios}{section.2}% 7
\BOOKMARK [2][-]{subsection.2.2}{El\040pipeline\040de\040datos\040sigue\040principios\040de\040arquitectura\040lambda}{section.2}% 8
\BOOKMARK [2][-]{subsection.2.3}{\376\377\000S\000t\000a\000c\000k\000\040\000t\000e\000c\000n\000o\000l\000\363\000g\000i\000c\000o\000\040\000o\000p\000t\000i\000m\000i\000z\000a\000d\000o\000\040\000p\000a\000r\000a\000\040\000e\000n\000t\000r\000e\000g\000a\000\040\000d\000e\000\040\0003\000-\0004\000\040\000m\000e\000s\000e\000s}{section.2}% 9
\BOOKMARK [3][-]{subsubsection.2.3.1}{Browser\040automation:\040Playwright}{subsection.2.3}% 10
\BOOKMARK [3][-]{subsubsection.2.3.2}{Job\040orchestration:\040Prefect}{subsection.2.3}% 11
\BOOKMARK [3][-]{subsubsection.2.3.3}{Data\040processing:\040Polars\040+\040DuckDB}{subsection.2.3}% 12
\BOOKMARK [3][-]{subsubsection.2.3.4}{Storage\040architecture}{subsection.2.3}% 13
\BOOKMARK [3][-]{subsubsection.2.3.5}{Backend\040API:\040FastAPI}{subsection.2.3}% 14
\BOOKMARK [3][-]{subsubsection.2.3.6}{Frontend\040dashboard:\040React}{subsection.2.3}% 15
\BOOKMARK [2][-]{subsection.2.4}{\376\377\000C\000o\000s\000t\000o\000s\000\040\000e\000s\000t\000i\000m\000a\000d\000o\000s\000\040\000d\000e\000\040\000i\000n\000f\000r\000a\000e\000s\000t\000r\000u\000c\000t\000u\000r\000a\000\040\000y\000\040\000a\000s\000i\000g\000n\000a\000c\000i\000\363\000n\000\040\000d\000e\000\040\000e\000q\000u\000i\000p\000o}{section.2}% 16
\BOOKMARK [1][-]{section.3}{Manejo\040de\040Medidas\040Anti-Bot\040y\040Mantenimiento\040de\040Confiabilidad}{}% 17
\BOOKMARK [2][-]{subsection.3.1}{\376\377\000L\000a\000\040\000d\000e\000t\000e\000c\000c\000i\000\363\000n\000\040\000a\000n\000t\000i\000-\000b\000o\000t\000\040\000o\000p\000e\000r\000a\000\040\000a\000\040\000t\000r\000a\000v\000\351\000s\000\040\000d\000e\000\040\000m\000\372\000l\000t\000i\000p\000l\000e\000s\000\040\000c\000a\000p\000a\000s\000\040\000d\000e\000\040\000f\000i\000n\000g\000e\000r\000p\000r\000i\000n\000t\000i\000n\000g}{section.3}% 18
\BOOKMARK [2][-]{subsection.3.2}{El\040enfoque\040de\040bypass\040en\040capas\040equilibra\040costo\040y\040efectividad}{section.3}% 19
\BOOKMARK [2][-]{subsection.3.3}{La\040estrategia\040de\040proxy\040sigue\040la\040escalera\040de\040costos}{section.3}% 20
\BOOKMARK [2][-]{subsection.3.4}{\376\377\000L\000a\000\040\000i\000n\000g\000e\000n\000i\000e\000r\000\355\000a\000\040\000d\000e\000\040\000c\000o\000n\000f\000i\000a\000b\000i\000l\000i\000d\000a\000d\000\040\000p\000r\000e\000v\000i\000e\000n\000e\000\040\000f\000a\000l\000l\000a\000s\000\040\000s\000i\000l\000e\000n\000c\000i\000o\000s\000a\000s}{section.3}% 21
\BOOKMARK [1][-]{section.4}{\376\377\000C\000o\000i\000n\000c\000i\000d\000e\000n\000c\000i\000a\000\040\000d\000e\000\040\000S\000K\000U\000:\000\040\000A\000l\000g\000o\000r\000i\000t\000m\000o\000s\000\040\000y\000\040\000E\000n\000f\000o\000q\000u\000e\000s\000\040\000d\000e\000\040\000I\000m\000p\000l\000e\000m\000e\000n\000t\000a\000c\000i\000\363\000n}{}% 22
\BOOKMARK [2][-]{subsection.4.1}{\376\377\000L\000a\000\040\000c\000o\000i\000n\000c\000i\000d\000e\000n\000c\000i\000a\000\040\000p\000o\000r\000\040\000n\000i\000v\000e\000l\000e\000s\000\040\000e\000q\000u\000i\000l\000i\000b\000r\000a\000\040\000p\000r\000e\000c\000i\000s\000i\000\363\000n\000\040\000c\000o\000n\000\040\000c\000o\000b\000e\000r\000t\000u\000r\000a}{section.4}% 23
\BOOKMARK [3][-]{subsubsection.4.1.1}{Tier\0401:\040Coincidencia\040exacta}{subsection.4.1}% 24
\BOOKMARK [3][-]{subsubsection.4.1.2}{Tier\0402:\040Coincidencia\040difusa}{subsection.4.1}% 25
\BOOKMARK [2][-]{subsection.4.2}{Manejar\040identificadores\040faltantes\040requiere\040estrategias\040de\040respaldo}{section.4}% 26
\BOOKMARK [2][-]{subsection.4.3}{\376\377\000E\000l\000\040\000c\000r\000o\000n\000o\000g\000r\000a\000m\000a\000\040\000d\000e\000\040\000i\000m\000p\000l\000e\000m\000e\000n\000t\000a\000c\000i\000\363\000n\000\040\000p\000r\000\341\000c\000t\000i\000c\000a}{section.4}% 27
\BOOKMARK [1][-]{section.5}{\376\377\000O\000p\000t\000i\000m\000i\000z\000a\000c\000i\000\363\000n\000\040\000d\000e\000\040\000C\000o\000s\000t\000o\000s\000\040\000p\000a\000r\000a\000\040\000R\000o\000t\000a\000c\000i\000\363\000n\000\040\000d\000e\000\040\000I\000P\000\040\000y\000\040\000C\000o\000n\000e\000c\000t\000i\000v\000i\000d\000a\000d}{}% 28
\BOOKMARK [2][-]{subsection.5.1}{Los\040costos\040de\040infraestructura\040escalan\040con\040complejidad}{section.5}% 29
\BOOKMARK [2][-]{subsection.5.2}{\376\377\000E\000l\000\040\000p\000r\000e\000s\000u\000p\000u\000e\000s\000t\000o\000\040\000o\000p\000t\000i\000m\000i\000z\000a\000d\000o\000\040\000d\000e\000\040\000o\000p\000e\000r\000a\000c\000i\000\363\000n\000\040\000d\000i\000a\000r\000i\000a}{section.5}% 30
\BOOKMARK [1][-]{section.6}{\376\377\000C\000u\000m\000p\000l\000i\000m\000i\000e\000n\000t\000o\000\040\000L\000e\000g\000a\000l\000\040\000y\000\040\000P\000r\000\341\000c\000t\000i\000c\000a\000s\000\040\000d\000e\000\040\000S\000c\000r\000a\000p\000i\000n\000g\000\040\000R\000e\000s\000p\000o\000n\000s\000a\000b\000l\000e}{}% 31
\BOOKMARK [2][-]{subsection.6.1}{El\040precedente\040hiQ\040v.\040LinkedIn\040establece\040principios\040centrales}{section.6}% 32
\BOOKMARK [2][-]{subsection.6.2}{Robots.txt\040representa\040preferencias\040expresadas,\040no\040requerimientos\040legales}{section.6}% 33
\BOOKMARK [2][-]{subsection.6.3}{\376\377\000L\000a\000s\000\040\000p\000r\000\341\000c\000t\000i\000c\000a\000s\000\040\000d\000e\000\040\000s\000c\000r\000a\000p\000i\000n\000g\000\040\000r\000e\000s\000p\000o\000n\000s\000a\000b\000l\000e\000\040\000m\000i\000n\000i\000m\000i\000z\000a\000n\000\040\000e\000x\000p\000o\000s\000i\000c\000i\000\363\000n\000\040\000l\000e\000g\000a\000l}{section.6}% 34
\BOOKMARK [1][-]{section.7}{\376\377\000P\000a\000t\000r\000o\000n\000e\000s\000\040\000d\000e\000\040\000I\000m\000p\000l\000e\000m\000e\000n\000t\000a\000c\000i\000\363\000n\000\040\000P\000r\000o\000b\000a\000d\000o\000s\000\040\000d\000e\000\040\000C\000a\000s\000o\000s\000\040\000d\000e\000\040\000E\000s\000t\000u\000d\000i\000o}{}% 35
\BOOKMARK [2][-]{subsection.7.1}{\376\377\000I\000m\000p\000l\000e\000m\000e\000n\000t\000a\000c\000i\000\363\000n\000\040\000d\000e\000\040\0003\0000\000\040\000d\000\355\000a\000s\000:\000\040\000F\000a\000b\000r\000i\000c\000a\000n\000t\000e\000\040\000g\000l\000o\000b\000a\000l}{section.7}% 36
\BOOKMARK [2][-]{subsection.7.2}{Minorista\040australiano:\040300,000\040actualizaciones\040diarias}{section.7}% 37
\BOOKMARK [2][-]{subsection.7.3}{Minorista\040multinacional:\04067\045\040aumento\040de\040ingresos}{section.7}% 38
\BOOKMARK [2][-]{subsection.7.4}{Patrones\040comunes\040de\040implementaciones\040exitosas}{section.7}% 39
\BOOKMARK [1][-]{section.8}{\376\377\000H\000o\000j\000a\000\040\000d\000e\000\040\000R\000u\000t\000a\000\040\000d\000e\000\040\000I\000m\000p\000l\000e\000m\000e\000n\000t\000a\000c\000i\000\363\000n\000\040\000R\000e\000c\000o\000m\000e\000n\000d\000a\000d\000a}{}% 40
\BOOKMARK [2][-]{subsection.8.1}{\376\377\000F\000a\000s\000e\000\040\0001\000:\000\040\000F\000u\000n\000d\000a\000c\000i\000\363\000n\000\040\000\050\000S\000e\000m\000a\000n\000a\000s\000\040\0001\000-\0004\000\051}{section.8}% 41
\BOOKMARK [2][-]{subsection.8.2}{\376\377\000F\000a\000s\000e\000\040\0002\000:\000\040\000E\000x\000p\000a\000n\000s\000i\000\363\000n\000\040\000y\000\040\000A\000n\000a\000l\000\355\000t\000i\000c\000a\000\040\000\050\000S\000e\000m\000a\000n\000a\000s\000\040\0005\000-\0008\000\051}{section.8}% 42
\BOOKMARK [2][-]{subsection.8.3}{\376\377\000F\000a\000s\000e\000\040\0003\000:\000\040\000I\000n\000t\000e\000g\000r\000a\000c\000i\000\363\000n\000\040\000y\000\040\000R\000e\000f\000i\000n\000a\000m\000i\000e\000n\000t\000o\000\040\000\050\000S\000e\000m\000a\000n\000a\000s\000\040\0009\000-\0001\0002\000\051}{section.8}% 43
\BOOKMARK [2][-]{subsection.8.4}{\376\377\000F\000a\000s\000e\000\040\0004\000:\000\040\000L\000a\000n\000z\000a\000m\000i\000e\000n\000t\000o\000\040\000a\000\040\000P\000r\000o\000d\000u\000c\000c\000i\000\363\000n\000\040\000\050\000S\000e\000m\000a\000n\000a\000s\000\040\0001\0003\000-\0001\0006\000\051}{section.8}% 44
\BOOKMARK [2][-]{subsection.8.5}{\376\377\000M\000\351\000t\000r\000i\000c\000a\000s\000\040\000d\000e\000\040\000\351\000x\000i\000t\000o\000\040\000d\000e\000f\000i\000n\000e\000n\000\040\000p\000r\000e\000p\000a\000r\000a\000c\000i\000\363\000n}{section.8}% 45
\BOOKMARK [2][-]{subsection.8.6}{\376\377\000D\000e\000c\000i\000s\000i\000\363\000n\000\040\000c\000o\000n\000s\000t\000r\000u\000i\000r\000\040\000v\000s\000\040\000c\000o\000m\000p\000r\000a\000r\000\040\000p\000a\000r\000a\000\040\000C\000o\000p\000p\000e\000l}{section.8}% 46
\BOOKMARK [1][-]{section.9}{\376\377\000C\000o\000n\000c\000l\000u\000s\000i\000\363\000n\000:\000\040\000C\000a\000m\000i\000n\000o\000\040\000h\000a\000c\000i\000a\000\040\000I\000n\000t\000e\000l\000i\000g\000e\000n\000c\000i\000a\000\040\000d\000e\000\040\000P\000r\000e\000c\000i\000o\000s\000\040\000C\000o\000m\000p\000e\000t\000i\000t\000i\000v\000o\000s}{}% 47
\BOOKMARK [1][-]{section.10}{\376\377\000G\000l\000o\000s\000a\000r\000i\000o\000\040\000d\000e\000\040\000T\000\351\000r\000m\000i\000n\000o\000s\000\040\000T\000\351\000c\000n\000i\000c\000o\000s}{}% 48
\BOOKMARK [2][-]{subsection.10.1}{\376\377\000T\000\351\000r\000m\000i\000n\000o\000s\000\040\000d\000e\000\040\000W\000e\000b\000\040\000S\000c\000r\000a\000p\000i\000n\000g}{section.10}% 49
\BOOKMARK [2][-]{subsection.10.2}{\376\377\000A\000r\000q\000u\000i\000t\000e\000c\000t\000u\000r\000a\000\040\000y\000\040\000O\000r\000q\000u\000e\000s\000t\000a\000c\000i\000\363\000n}{section.10}% 50
\BOOKMARK [2][-]{subsection.10.3}{Procesamiento\040y\040Almacenamiento\040de\040Datos}{section.10}% 51
\BOOKMARK [2][-]{subsection.10.4}{\376\377\000M\000a\000t\000c\000h\000i\000n\000g\000\040\000y\000\040\000A\000n\000\341\000l\000i\000s\000i\000s}{section.10}% 52
\BOOKMARK [2][-]{subsection.10.5}{Anti-Bot\040y\040Seguridad}{section.10}% 53
\BOOKMARK [2][-]{subsection.10.6}{\376\377\000M\000\351\000t\000r\000i\000c\000a\000s\000\040\000y\000\040\000M\000o\000n\000i\000t\000o\000r\000e\000o}{section.10}% 54
\BOOKMARK [1][-]{section.11}{\376\377\000R\000e\000f\000e\000r\000e\000n\000c\000i\000a\000s\000\040\000P\000r\000i\000n\000c\000i\000p\000a\000l\000e\000s\000\040\000c\000o\000n\000\040\000C\000\363\000d\000i\000g\000o\000\040\000A\000c\000c\000e\000s\000i\000b\000l\000e}{}% 55
\BOOKMARK [2][-]{subsection.11.1}{Herramientas\040de\040Web\040Scraping}{section.11}% 56
\BOOKMARK [2][-]{subsection.11.2}{SKU\040Matching\040y\040Procesamiento}{section.11}% 57
\BOOKMARK [2][-]{subsection.11.3}{\376\377\000O\000r\000q\000u\000e\000s\000t\000a\000c\000i\000\363\000n\000\040\000y\000\040\000W\000o\000r\000k\000f\000l\000o\000w\000s}{section.11}% 58
\BOOKMARK [2][-]{subsection.11.4}{Bases\040de\040Datos\040y\040Storage}{section.11}% 59
\BOOKMARK [2][-]{subsection.11.5}{APIs\040y\040Proxies}{section.11}% 60
\BOOKMARK [2][-]{subsection.11.6}{\376\377\000F\000r\000o\000n\000t\000e\000n\000d\000\040\000y\000\040\000V\000i\000s\000u\000a\000l\000i\000z\000a\000c\000i\000\363\000n}{section.11}% 61
\BOOKMARK [2][-]{subsection.11.7}{Ejemplos\040y\040Tutoriales\040Completos}{section.11}% 62
\BOOKMARK [2][-]{subsection.11.8}{\376\377\000U\000t\000i\000l\000i\000d\000a\000d\000e\000s\000\040\000y\000\040\000O\000p\000t\000i\000m\000i\000z\000a\000c\000i\000\363\000n}{section.11}% 63
\BOOKMARK [2][-]{subsection.11.9}{\376\377\000C\000\363\000d\000i\000g\000o\000\040\000d\000e\000\040\000I\000n\000i\000c\000i\000o\000\040\000R\000\341\000p\000i\000d\000o}{section.11}% 64
\BOOKMARK [2][-]{subsection.11.10}{Stack\040Recomendado\040para\040Comenzar}{section.11}% 65
